<?xml version="1.0" encoding="UTF-8"?>
<!-- Generated by org.testng.reporters.JUnitReportReporter -->
<testsuite hostname="DESKTOP-5N6AO74" failures="0" tests="2" name="com.runner.Runner_Signin" time="64.416" errors="0" timestamp="2023-10-11T19:03:21 IST" skipped="0">
  <testcase classname="com.runner.Runner_Signin" name="phno" time="18.191"/>
  <system-out/>
  <testcase classname="com.runner.Runner_Signin" name="sign_Up" time="46.225"/>
  <system-out/>
</testsuite> <!-- com.runner.Runner_Signin -->
