<?xml version="1.0" encoding="UTF-8"?>
<!-- Generated by org.testng.reporters.JUnitReportReporter -->
<testsuite hostname="DESKTOP-LSDS11E" failures="0" tests="2" name="com.runner.Runner_TestTest" time="117.748" errors="0" timestamp="2023-10-09T18:43:24 IST" skipped="0">
  <testcase classname="com.runner.Runner_TestTest" name="phno" time="25.613"/>
  <testcase classname="com.runner.Runner_TestTest" name="sign_Up" time="92.135"/>
</testsuite> <!-- com.runner.Runner_TestTest -->
